<?xml version="1.0" encoding="UTF-8"?>
<!-- Generated by org.testng.reporters.JUnitReportReporter -->
<testsuite skipped="0" hostname="Rakyesh-PC" name="datadrivendevelopment.HMapTest" tests="9" failures="0" timestamp="15 Dec 2021 11:29:18 GMT" time="0.122" errors="0">
  <testcase name="f" time="0.037" classname="datadrivendevelopment.HMapTest"/>
  <testcase name="f" time="0.009" classname="datadrivendevelopment.HMapTest"/>
  <testcase name="f" time="0.025" classname="datadrivendevelopment.HMapTest"/>
  <testcase name="f" time="0.025" classname="datadrivendevelopment.HMapTest"/>
  <testcase name="f" time="0.004" classname="datadrivendevelopment.HMapTest"/>
  <testcase name="f" time="0.004" classname="datadrivendevelopment.HMapTest"/>
  <testcase name="f" time="0.004" classname="datadrivendevelopment.HMapTest"/>
  <testcase name="f" time="0.008" classname="datadrivendevelopment.HMapTest"/>
  <testcase name="f" time="0.006" classname="datadrivendevelopment.HMapTest"/>
</testsuite> <!-- datadrivendevelopment.HMapTest -->
