<?xml version="1.0" encoding="UTF-8"?>
<!-- Generated by org.testng.reporters.JUnitReportReporter -->
<testsuite skipped="0" hostname="Rakyesh-PC" name="amazonpomtest.AZ_1" tests="2" failures="0" timestamp="09 Dec 2021 11:58:27 GMT" time="55.077" errors="0">
  <testcase name="login" time="18.573" classname="amazonpomtest.AZ_1"/>
  <testcase name="home" time="36.504" classname="amazonpomtest.AZ_1"/>
</testsuite> <!-- amazonpomtest.AZ_1 -->
