<?xml version="1.0" encoding="UTF-8"?>
<!-- Generated by org.testng.reporters.JUnitReportReporter -->
<testsuite skipped="0" hostname="Rakyesh-PC" name="datadrivendevelopment.EDD_TC_1" tests="10" failures="0" timestamp="14 Dec 2021 12:04:35 GMT" time="0.117" errors="0">
  <testcase name="f" time="0.008" classname="datadrivendevelopment.EDD_TC_1"/>
  <testcase name="f" time="0.015" classname="datadrivendevelopment.EDD_TC_1"/>
  <testcase name="f" time="0.008" classname="datadrivendevelopment.EDD_TC_1"/>
  <testcase name="f" time="0.011" classname="datadrivendevelopment.EDD_TC_1"/>
  <testcase name="f" time="0.006" classname="datadrivendevelopment.EDD_TC_1"/>
  <testcase name="f" time="0.036" classname="datadrivendevelopment.EDD_TC_1"/>
  <testcase name="f" time="0.004" classname="datadrivendevelopment.EDD_TC_1"/>
  <testcase name="f" time="0.015" classname="datadrivendevelopment.EDD_TC_1"/>
  <testcase name="f" time="0.005" classname="datadrivendevelopment.EDD_TC_1"/>
  <testcase name="f" time="0.009" classname="datadrivendevelopment.EDD_TC_1"/>
</testsuite> <!-- datadrivendevelopment.EDD_TC_1 -->
