<?xml version="1.0" encoding="UTF-8"?>
<!-- Generated by org.testng.reporters.JUnitReportReporter -->
<testsuite skipped="0" hostname="Rakyesh-PC" name="bhanepomtest.BH_TC_2" tests="2" failures="0" timestamp="10 Dec 2021 11:44:13 GMT" time="25.641" errors="0">
  <testcase name="home" time="19.666" classname="bhanepomtest.BH_TC_2"/>
  <testcase name="login" time="5.975" classname="bhanepomtest.BH_TC_2"/>
</testsuite> <!-- bhanepomtest.BH_TC_2 -->
