<?xml version="1.0" encoding="UTF-8"?>
<!-- Generated by org.testng.reporters.JUnitReportReporter -->
<testsuite skipped="0" hostname="Rakyesh-PC" name="bhanepomtest.BH_TC_1" tests="2" failures="0" timestamp="10 Dec 2021 11:32:46 GMT" time="21.565" errors="0">
  <testcase name="login" time="6.873" classname="bhanepomtest.BH_TC_1"/>
  <testcase name="home" time="14.692" classname="bhanepomtest.BH_TC_1"/>
</testsuite> <!-- bhanepomtest.BH_TC_1 -->
