<?xml version="1.0" encoding="UTF-8"?>
<!-- Generated by org.testng.reporters.JUnitReportReporter -->
<testsuite skipped="0" hostname="Rakyesh-PC" name="gridtest.GridTest_1" tests="1" failures="0" timestamp="24 Dec 2021 11:04:19 GMT" time="56.694" errors="0">
  <testcase name="f" time="56.694" classname="gridtest.GridTest_1"/>
</testsuite> <!-- gridtest.GridTest_1 -->
