<?xml version="1.0" encoding="UTF-8"?>
<!-- Generated by org.testng.reporters.JUnitReportReporter -->
<testsuite skipped="0" hostname="Rakyesh-PC" name="rediffpomtest.TC_1" tests="2" failures="0" timestamp="08 Dec 2021 11:46:52 GMT" time="36.234" errors="0">
  <testcase name="login" time="6.794" classname="rediffpomtest.TC_1"/>
  <testcase name="openhomepage" time="29.440" classname="rediffpomtest.TC_1"/>
</testsuite> <!-- rediffpomtest.TC_1 -->
