<?xml version="1.0" encoding="UTF-8"?>
<!-- Generated by org.testng.reporters.JUnitReportReporter -->
<testsuite skipped="0" hostname="Rakyesh-PC" name="datadrivendevelopment.IDD_TC_1" tests="5" failures="0" timestamp="13 Dec 2021 11:30:38 GMT" time="219.425" errors="0">
  <testcase name="login" time="48.423" classname="datadrivendevelopment.IDD_TC_1"/>
  <testcase name="login" time="42.077" classname="datadrivendevelopment.IDD_TC_1"/>
  <testcase name="login" time="31.408" classname="datadrivendevelopment.IDD_TC_1"/>
  <testcase name="login" time="34.038" classname="datadrivendevelopment.IDD_TC_1"/>
  <testcase name="login" time="63.479" classname="datadrivendevelopment.IDD_TC_1"/>
</testsuite> <!-- datadrivendevelopment.IDD_TC_1 -->
