<?xml version="1.0" encoding="UTF-8"?>
<!-- Generated by org.testng.reporters.JUnitReportReporter -->
<testsuite skipped="0" hostname="Rakyesh-PC" name="tddtest.TC_1" tests="1" failures="0" timestamp="16 Dec 2021 11:09:21 GMT" time="0.027" errors="0">
  <testcase name="length" time="0.027" classname="tddtest.TC_1"/>
</testsuite> <!-- tddtest.TC_1 -->
